--- Job Problem4.gms Start 10/30/20 16:20:55 32.2.0 rc62c018 DEX-DEG x86 64bit/Mac OS X
--- Applying:
    /Library/Frameworks/GAMS.framework/Versions/32/Resources/gmsprmun.txt
    /Users/guillermoaldreypastor/Library/Preferences/GAMS/gamsconfig.yaml
--- GAMS Parameters defined
    Input "/Users/guillermoaldreypastor/Desktop/CUARTO/INVESTIGACIÓN OPERATIVA/EXAMEN GAMS/Problem4.gms"
    PageSize 0
    ScrDir "/Users/guillermoaldreypastor/Desktop/CUARTO/INVESTIGACIÓN OPERATIVA/EXAMEN GAMS/225a/"
    SysDir /Library/Frameworks/GAMS.framework/Versions/32/Resources/
    LogOption 3
    ErrMsg 1
    ErrorLog 99
    IDE 1
    LstTitleLeftAligned 1
GAMS 32.2.0   Copyright (C) 1987-2020 GAMS Development. All rights reserved
Licensee: GAMS Demo license for GUILLERMO ALDREY         G200923|0002CO-GEN
          Universidad Pontificia Comillas, Spain                   DL017849
          /Users/guillermoaldreypastor/Library/Application Support/GAMS/gamslice.txt
          guillermoaldrey@gmail.com, GUILLERMO ALDREY                      
          Demo license for demonstration and instructional purposes only
--- Starting compilation
--- Problem4.gms(28) 3 Mb 5 Errors
*** Error 224 in /Users/guillermoaldreypastor/Desktop/CUARTO/INVESTIGACIÓN OPERATIVA/EXAMEN GAMS/Problem4.gms
    Overlapping entry ignored
*** Error 226 in /Users/guillermoaldreypastor/Desktop/CUARTO/INVESTIGACIÓN OPERATIVA/EXAMEN GAMS/Problem4.gms
    Multiple entry ignored
*** Error 224 in /Users/guillermoaldreypastor/Desktop/CUARTO/INVESTIGACIÓN OPERATIVA/EXAMEN GAMS/Problem4.gms
    Overlapping entry ignored
*** Error 224 in /Users/guillermoaldreypastor/Desktop/CUARTO/INVESTIGACIÓN OPERATIVA/EXAMEN GAMS/Problem4.gms
    Overlapping entry ignored
*** Error 226 in /Users/guillermoaldreypastor/Desktop/CUARTO/INVESTIGACIÓN OPERATIVA/EXAMEN GAMS/Problem4.gms
    Multiple entry ignored
--- Problem4.gms(44) 3 Mb 6 Errors
*** Error 409 in /Users/guillermoaldreypastor/Desktop/CUARTO/INVESTIGACIÓN OPERATIVA/EXAMEN GAMS/Problem4.gms
    Unrecognizable item - skip to find a new statement
      looking for a ';' or a key word to get started again
--- Problem4.gms(50) 3 Mb 7 Errors
*** Error  37 in /Users/guillermoaldreypastor/Desktop/CUARTO/INVESTIGACIÓN OPERATIVA/EXAMEN GAMS/Problem4.gms
    '=l=' or '=e=' or '=g=' operator expected
--- Problem4.gms(51) 3 Mb 8 Errors
*** Error 140 in /Users/guillermoaldreypastor/Desktop/CUARTO/INVESTIGACIÓN OPERATIVA/EXAMEN GAMS/Problem4.gms
    Unknown symbol
--- Problem4.gms(54) 3 Mb 9 Errors
*** Error 140 in /Users/guillermoaldreypastor/Desktop/CUARTO/INVESTIGACIÓN OPERATIVA/EXAMEN GAMS/Problem4.gms
    Unknown symbol
--- Problem4.gms(58) 3 Mb 10 Errors
*** Error 140 in /Users/guillermoaldreypastor/Desktop/CUARTO/INVESTIGACIÓN OPERATIVA/EXAMEN GAMS/Problem4.gms
    Unknown symbol
--- Problem4.gms(63) 3 Mb 13 Errors
*** Error 257 in /Users/guillermoaldreypastor/Desktop/CUARTO/INVESTIGACIÓN OPERATIVA/EXAMEN GAMS/Problem4.gms
    Solve statement not checked because of previous errors
*** Error 141 in /Users/guillermoaldreypastor/Desktop/CUARTO/INVESTIGACIÓN OPERATIVA/EXAMEN GAMS/Problem4.gms
    Symbol declared but no values have been assigned. Check for missing
       data definition, assignment, data loading or implicit assignment
       via a solve statement.
       A wild shot: You may have spurious commas in the explanatory
       text of a declaration. Check symbol reference list.
*** Error 141 in /Users/guillermoaldreypastor/Desktop/CUARTO/INVESTIGACIÓN OPERATIVA/EXAMEN GAMS/Problem4.gms
    Symbol declared but no values have been assigned. Check for missing
       data definition, assignment, data loading or implicit assignment
       via a solve statement.
       A wild shot: You may have spurious commas in the explanatory
       text of a declaration. Check symbol reference list.
--- Problem4.gms(64) 3 Mb 13 Errors
*** Status: Compilation error(s)
--- Job Problem4.gms Stop 10/30/20 16:20:55 elapsed 0:00:00.033
